<?xml version="1.0" encoding="UTF-8"?>
<testsuite name="BlockchainTest" tests="1" skipped="0" failures="0" errors="0" timestamp="2023-01-31T12:06:37" hostname="kronos-Olympos" time="20.064">
  <properties/>
  <testcase name="start" classname="BlockchainTest" time="20.064"/>
  <system-out><![CDATA[?[1;31m
Start test 1?[0m
Block:
Created by miner # 31
Id: 1
Timestamp: 1675166797899
Magic number: -1410527328
Hash of the previous block:
0
Hash of the block:
5a2ea9481e92976b9daa904fdabaa211d5c9735d7523b0a69cb8cc2c98a34b19
Block was generating for 0 seconds
N stays the same

Block:
Created by miner # 31
Id: 2
Timestamp: 1675166797914
Magic number: -744934014
Hash of the previous block:
5a2ea9481e92976b9daa904fdabaa211d5c9735d7523b0a69cb8cc2c98a34b19
Hash of the block:
cac2e11da9849a731d790d7729807acc493ada8b4d3374bedcbd0fbb5a321a9e
Block was generating for 0 seconds
N stays the same

Block:
Created by miner # 34
Id: 3
Timestamp: 1675166797923
Magic number: -664888401
Hash of the previous block:
cac2e11da9849a731d790d7729807acc493ada8b4d3374bedcbd0fbb5a321a9e
Hash of the block:
7f29e1d20d291edff7bba6c98bbb7d401a1da983337db792268b7e435399b5f2
Block was generating for 0 seconds
N stays the same

Block:
Created by miner # 34
Id: 4
Timestamp: 1675166797928
Magic number: -750120996
Hash of the previous block:
7f29e1d20d291edff7bba6c98bbb7d401a1da983337db792268b7e435399b5f2
Hash of the block:
4074d2754c8fb8065840c094537eff1450c6621e91e1f46e44c4eaa69d434d0f
Block was generating for 0 seconds
N stays the same

Block:
Created by miner # 31
Id: 5
Timestamp: 1675166797934
Magic number: -176557355
Hash of the previous block:
4074d2754c8fb8065840c094537eff1450c6621e91e1f46e44c4eaa69d434d0f
Hash of the block:
5ee1aad3d38fb5f06618b7f84ab55038efb2d51632521951e55b1a4094689207
Block was generating for 0 seconds
N stays the same

?[1;31m
Start test 2?[0m
Block:
Created by miner # 39
Id: 1
Timestamp: 1675166807906
Magic number: -2120545517
Hash of the previous block:
0
Hash of the block:
4b501332591f9a663881c11fbf30e36d182ae6aa93615caa31d2246be8996b69
Block was generating for 0 seconds
N stays the same

Block:
Created by miner # 39
Id: 2
Timestamp: 1675166807910
Magic number: 65096870
Hash of the previous block:
4b501332591f9a663881c11fbf30e36d182ae6aa93615caa31d2246be8996b69
Hash of the block:
bd3f17ad7078f49385a4961d54507f70e0232dc4ac4b73eaae4831fc1dda2fd3
Block was generating for 0 seconds
N stays the same

Block:
Created by miner # 39
Id: 3
Timestamp: 1675166807914
Magic number: 1409446622
Hash of the previous block:
bd3f17ad7078f49385a4961d54507f70e0232dc4ac4b73eaae4831fc1dda2fd3
Hash of the block:
5476f84b1036d8d8431db29b01ffe0a24d1256859f346cf2134ac3751ba36142
Block was generating for 0 seconds
N stays the same

Block:
Created by miner # 39
Id: 4
Timestamp: 1675166807918
Magic number: -1432697974
Hash of the previous block:
5476f84b1036d8d8431db29b01ffe0a24d1256859f346cf2134ac3751ba36142
Hash of the block:
9ba8739d3ab9be9c31cb642337224da3da56c5ce4b39238b29b3dfdd6d84a748
Block was generating for 0 seconds
N stays the same

Block:
Created by miner # 38
Id: 5
Timestamp: 1675166807922
Magic number: 780145477
Hash of the previous block:
9ba8739d3ab9be9c31cb642337224da3da56c5ce4b39238b29b3dfdd6d84a748
Hash of the block:
004d6a8956667c2129f8a8168e499667001cdd12ace4a084725c1a8bf56dcdda
Block was generating for 0 seconds
N stays the same

]]></system-out>
  <system-err><![CDATA[]]></system-err>
</testsuite>
